<!DOCTYPE html>
<html>
<head>
<meta http-equiv="Content-Type" content="text/html; charset=utf-8"/>
<meta http-equiv="x-ua-compatible" content="IE=edge"/>
<title>Test results - Class PrimaryTestCases</title>
<link href="../css/base-style.css" rel="stylesheet" type="text/css"/>
<link href="../css/style.css" rel="stylesheet" type="text/css"/>
<script src="../js/report.js" type="text/javascript"></script>
</head>
<body>
<div id="content">
<h1>Class PrimaryTestCases</h1>
<div class="breadcrumbs">
<a href="../index.html">all</a> &gt; 
<a href="../packages/default-package.html">default-package</a> &gt; PrimaryTestCases</div>
<div id="summary">
<table>
<tr>
<td>
<div class="summaryGroup">
<table>
<tr>
<td>
<div class="infoBox" id="tests">
<div class="counter">20</div>
<p>tests</p>
</div>
</td>
<td>
<div class="infoBox" id="failures">
<div class="counter">1</div>
<p>failures</p>
</div>
</td>
<td>
<div class="infoBox" id="ignored">
<div class="counter">0</div>
<p>ignored</p>
</div>
</td>
<td>
<div class="infoBox" id="duration">
<div class="counter">41.814s</div>
<p>duration</p>
</div>
</td>
</tr>
</table>
</div>
</td>
<td>
<div class="infoBox failures" id="successRate">
<div class="percent">95%</div>
<p>successful</p>
</div>
</td>
</tr>
</table>
</div>
<div id="tabs">
<ul class="tabLinks">
<li>
<a href="#tab0">Failed tests</a>
</li>
<li>
<a href="#tab1">Tests</a>
</li>
<li>
<a href="#tab2">Standard output</a>
</li>
</ul>
<div id="tab0" class="tab">
<h2>Failed tests</h2>
<div class="test">
<a name="testJoinAggregate_1"></a>
<h3 class="failures">testJoinAggregate_1</h3>
<span class="code">
<pre>java.lang.AssertionError: Exception thrown
	at org.junit.Assert.fail(Assert.java:88)
	at PrimaryTestCases.testJoinAggregate_1(PrimaryTestCases.java:223)
	at sun.reflect.NativeMethodAccessorImpl.invoke0(Native Method)
	at sun.reflect.NativeMethodAccessorImpl.invoke(NativeMethodAccessorImpl.java:62)
	at sun.reflect.DelegatingMethodAccessorImpl.invoke(DelegatingMethodAccessorImpl.java:43)
	at java.lang.reflect.Method.invoke(Method.java:498)
	at org.junit.runners.model.FrameworkMethod$1.runReflectiveCall(FrameworkMethod.java:50)
	at org.junit.internal.runners.model.ReflectiveCallable.run(ReflectiveCallable.java:12)
	at org.junit.runners.model.FrameworkMethod.invokeExplosively(FrameworkMethod.java:47)
	at org.junit.internal.runners.statements.InvokeMethod.evaluate(InvokeMethod.java:17)
	at org.junit.runners.ParentRunner.runLeaf(ParentRunner.java:325)
	at org.junit.runners.BlockJUnit4ClassRunner.runChild(BlockJUnit4ClassRunner.java:78)
	at org.junit.runners.BlockJUnit4ClassRunner.runChild(BlockJUnit4ClassRunner.java:57)
	at org.junit.runners.ParentRunner$3.run(ParentRunner.java:290)
	at org.junit.runners.ParentRunner$1.schedule(ParentRunner.java:71)
	at org.junit.runners.ParentRunner.runChildren(ParentRunner.java:288)
	at org.junit.runners.ParentRunner.access$000(ParentRunner.java:58)
	at org.junit.runners.ParentRunner$2.evaluate(ParentRunner.java:268)
	at org.junit.runners.ParentRunner.run(ParentRunner.java:363)
	at org.gradle.api.internal.tasks.testing.junit.JUnitTestClassExecuter.runTestClass(JUnitTestClassExecuter.java:114)
	at org.gradle.api.internal.tasks.testing.junit.JUnitTestClassExecuter.execute(JUnitTestClassExecuter.java:57)
	at org.gradle.api.internal.tasks.testing.junit.JUnitTestClassProcessor.processTestClass(JUnitTestClassProcessor.java:66)
	at org.gradle.api.internal.tasks.testing.SuiteTestClassProcessor.processTestClass(SuiteTestClassProcessor.java:51)
	at sun.reflect.NativeMethodAccessorImpl.invoke0(Native Method)
	at sun.reflect.NativeMethodAccessorImpl.invoke(NativeMethodAccessorImpl.java:62)
	at sun.reflect.DelegatingMethodAccessorImpl.invoke(DelegatingMethodAccessorImpl.java:43)
	at java.lang.reflect.Method.invoke(Method.java:498)
	at org.gradle.internal.dispatch.ReflectionDispatch.dispatch(ReflectionDispatch.java:35)
	at org.gradle.internal.dispatch.ReflectionDispatch.dispatch(ReflectionDispatch.java:24)
	at org.gradle.internal.dispatch.ContextClassLoaderDispatch.dispatch(ContextClassLoaderDispatch.java:32)
	at org.gradle.internal.dispatch.ProxyDispatchAdapter$DispatchingInvocationHandler.invoke(ProxyDispatchAdapter.java:93)
	at com.sun.proxy.$Proxy3.processTestClass(Unknown Source)
	at org.gradle.api.internal.tasks.testing.worker.TestWorker.processTestClass(TestWorker.java:108)
	at sun.reflect.NativeMethodAccessorImpl.invoke0(Native Method)
	at sun.reflect.NativeMethodAccessorImpl.invoke(NativeMethodAccessorImpl.java:62)
	at sun.reflect.DelegatingMethodAccessorImpl.invoke(DelegatingMethodAccessorImpl.java:43)
	at java.lang.reflect.Method.invoke(Method.java:498)
	at org.gradle.internal.dispatch.ReflectionDispatch.dispatch(ReflectionDispatch.java:35)
	at org.gradle.internal.dispatch.ReflectionDispatch.dispatch(ReflectionDispatch.java:24)
	at org.gradle.internal.remote.internal.hub.MessageHubBackedObjectConnection$DispatchWrapper.dispatch(MessageHubBackedObjectConnection.java:146)
	at org.gradle.internal.remote.internal.hub.MessageHubBackedObjectConnection$DispatchWrapper.dispatch(MessageHubBackedObjectConnection.java:128)
	at org.gradle.internal.remote.internal.hub.MessageHub$Handler.run(MessageHub.java:404)
	at org.gradle.internal.concurrent.ExecutorPolicy$CatchAndRecordFailures.onExecute(ExecutorPolicy.java:63)
	at org.gradle.internal.concurrent.ManagedExecutorImpl$1.run(ManagedExecutorImpl.java:46)
	at java.util.concurrent.ThreadPoolExecutor.runWorker(ThreadPoolExecutor.java:1149)
	at java.util.concurrent.ThreadPoolExecutor$Worker.run(ThreadPoolExecutor.java:624)
	at org.gradle.internal.concurrent.ThreadFactoryImpl$ManagedThreadRunnable.run(ThreadFactoryImpl.java:55)
	at java.lang.Thread.run(Thread.java:750)
</pre>
</span>
</div>
</div>
<div id="tab1" class="tab">
<h2>Tests</h2>
<table>
<thead>
<tr>
<th>Test</th>
<th>Duration</th>
<th>Result</th>
</tr>
</thead>
<tr>
<td class="success">query1</td>
<td>0.033s</td>
<td class="success">passed</td>
</tr>
<tr>
<td class="success">query10</td>
<td>0.135s</td>
<td class="success">passed</td>
</tr>
<tr>
<td class="success">query11</td>
<td>0.104s</td>
<td class="success">passed</td>
</tr>
<tr>
<td class="success">query12</td>
<td>0.020s</td>
<td class="success">passed</td>
</tr>
<tr>
<td class="success">query13</td>
<td>0.111s</td>
<td class="success">passed</td>
</tr>
<tr>
<td class="success">query15</td>
<td>4.804s</td>
<td class="success">passed</td>
</tr>
<tr>
<td class="success">query16</td>
<td>2.360s</td>
<td class="success">passed</td>
</tr>
<tr>
<td class="success">query17</td>
<td>2.275s</td>
<td class="success">passed</td>
</tr>
<tr>
<td class="success">query3</td>
<td>0.478s</td>
<td class="success">passed</td>
</tr>
<tr>
<td class="success">query4</td>
<td>13.484s</td>
<td class="success">passed</td>
</tr>
<tr>
<td class="success">query5</td>
<td>0.445s</td>
<td class="success">passed</td>
</tr>
<tr>
<td class="success">query6</td>
<td>0.319s</td>
<td class="success">passed</td>
</tr>
<tr>
<td class="success">query7</td>
<td>3.452s</td>
<td class="success">passed</td>
</tr>
<tr>
<td class="success">query8</td>
<td>0.027s</td>
<td class="success">passed</td>
</tr>
<tr>
<td class="success">query9</td>
<td>7.847s</td>
<td class="success">passed</td>
</tr>
<tr>
<td class="success">testBonus</td>
<td>0.037s</td>
<td class="success">passed</td>
</tr>
<tr>
<td class="success">testJoinAggregateSort_1</td>
<td>3.690s</td>
<td class="success">passed</td>
</tr>
<tr>
<td class="failures">testJoinAggregate_1</td>
<td>0.026s</td>
<td class="failures">failed</td>
</tr>
<tr>
<td class="success">testSFW</td>
<td>2.110s</td>
<td class="success">passed</td>
</tr>
<tr>
<td class="success">testSort</td>
<td>0.057s</td>
<td class="success">passed</td>
</tr>
</table>
</div>
<div id="tab2" class="tab">
<h2>Standard output</h2>
<span class="code">
<pre>rel#4:LogicalProject.NONE(input=LogicalFilter#2,exprs=[$1])
===================================
PProject
===================================
PProject opened
PFilter opened
No more rows in PFilter
No more rows in PProject
Closing PProject
PFilter closed
49
Test passed :)
===================================



Done with Filter and Project



PSort opened
PProject opened
No more rows in PProject
Sorting the list
No more rows in PSort
Closing PSort
Closing PProject
Test passed :)
===================================
PSort
===================================
PSort opened
PProject opened
PFilter opened
PProject opened
PFilter opened
No more rows in PFilter
No more rows in PProject
No more rows in PFilter
No more rows in PProject
Sorting the list
No more rows in PSort
Closing PSort
Closing PProject
PFilter closed
Closing PProject
PFilter closed
7
Test passed :)
===================================
PProject
===================================
PProject opened
PFilter opened
No more rows in PFilter
No more rows in PProject
Closing PProject
PFilter closed
1000
Test passed :)
===================================
PSort
===================================
PSort opened
PAggregate opened
{0}
[AVG($1)]
PProject
GroupBySet [0]
PProject opened
No more rows in PProject
599
No more rows in PAggregate
Sorting the list
No more rows in PSort
Closing PSort
Closing PAggregate
Closing PProject
599
Test passed :)
===================================
PProject
===================================
PProject opened
PFilter opened
PJoin opened
No condition
PJoin opened
No condition
No more rows in PJoin
No more rows in PJoin
No more rows in PFilter
No more rows in PProject
Closing PProject
PFilter closed
Closing PJoin
Closing PJoin
64
Test passed :)
===================================
PProject
===================================
PProject opened
PJoin opened
Map size 599
16044
No more rows in PJoin
No more rows in PProject
Closing PProject
Closing PJoin
16044
Test passed :)
===================================
PSort
===================================
PSort opened
PAggregate opened
{0}
[SUM($1)]
PProject
GroupBySet [0]
PProject opened
No more rows in PProject
599
No more rows in PAggregate
Sorting the list
No more rows in PSort
Closing PSort
Closing PAggregate
Closing PProject
599
Test passed :)
===================================
PSort
===================================
PSort opened
PAggregate opened
{0}
[COUNT($0)]
PProject
GroupBySet [0]
PProject opened
PJoin opened
Map size 4580
No more rows in PJoin
No more rows in PProject
958
No more rows in PAggregate
Sorting the list
No more rows in PSort
Closing PSort
Closing PAggregate
Closing PProject
Closing PJoin
958
Test passed :)
===================================
PAggregate
===================================
PAggregate opened
{0}
[COUNT($1)]
PProject
GroupBySet [0]
PProject opened
PJoin opened
Map size 16
1000
No more rows in PJoin
No more rows in PProject
16
No more rows in PAggregate
Closing PAggregate
Closing PProject
Closing PJoin
16
Test passed :)
===================================
PAggregate
===================================
PAggregate opened
{0}
[COUNT($1)]
PProject
GroupBySet [0]
PProject opened
PFilter opened
PJoin opened
No condition
PJoin opened
No condition
No more rows in PJoin
No more rows in PJoin
No more rows in PFilter
No more rows in PProject
16
No more rows in PAggregate
Closing PAggregate
Closing PProject
PFilter closed
Closing PJoin
Closing PJoin
16
Test passed :)
===================================
PSort
===================================
PSort opened
PAggregate opened
{0}
[COUNT($0)]
PProject
GroupBySet [0]
PProject opened
PJoin opened
Map size 4580
No more rows in PJoin
No more rows in PProject
958
No more rows in PAggregate
Sorting the list
No more rows in PSort
Closing PSort
Closing PAggregate
Closing PProject
Closing PJoin
958
Test passed :)
===================================



Done with Join and Aggregate and Sort



java.lang.RuntimeException: org.apache.calcite.runtime.CalciteContextException: From line 1, column 118 to line 1, column 125: Column 'ACTOR_ID' not found in table 'rental'
org.apache.calcite.runtime.CalciteContextException: From line 1, column 118 to line 1, column 125: Column 'ACTOR_ID' not found in table 'rental'
===================================
PAggregate
===================================
PAggregate opened
{0}
[AVG($1)]
PProject
GroupBySet [0]
PProject opened
PJoin opened
PJoin opened
Map size 16
No more rows in PJoin
Map size 1000
No more rows in PJoin
No more rows in PProject
16
No more rows in PAggregate
Closing PAggregate
Closing PProject
Closing PJoin
Closing PJoin
16
Test passed :)
===================================
PSort
===================================
PSort opened
PAggregate opened
{0, 1, 2}
[COUNT()]
PProject
GroupBySet [0, 1, 2]
PProject opened
PJoin opened
Map size 200
No more rows in PJoin
No more rows in PProject
200
No more rows in PAggregate
Sorting the list
No more rows in PSort
Closing PSort
Closing PAggregate
Closing PProject
Closing PJoin
200
Test passed :)
===================================
PFilter
===================================
PFilter opened
PAggregate opened
{0}
[COUNT()]
PProject
GroupBySet [0]
PProject opened
No more rows in PProject
128
No more rows in PAggregate
No more rows in PFilter
PFilter closed
Closing PAggregate
Closing PProject
52
Test passed :)
LogicalSort(sort0=[$0], sort1=[$1], dir0=[ASC], dir1=[DESC], fetch=[30])
  LogicalAggregate(group=[{0, 1}])
    LogicalProject(FIRST_NAME=[$1], LAST_NAME=[$6])
      LogicalJoin(condition=[AND(=($1, $5), =($2, $6))], joinType=[inner])
        PTableScan(table=[[FILM_DB, actor]])
        PTableScan(table=[[FILM_DB, actor]])

===================================
PSort
===================================
PSort opened
PAggregate opened
{0, 1}
[]
PProject
GroupBySet [0, 1]
PProject opened
PJoin opened
AND condition
Map size 199
No more rows in PJoin
No more rows in PProject
199
No more rows in PAggregate
Sorting the list
No more rows in PSort
Closing PSort
Closing PAggregate
Closing PProject
Closing PJoin
30
Test passed :)
===================================
PSort
===================================
PSort opened
PAggregate opened
{0}
[]
PProject
GroupBySet [0]
PProject opened
PFilter opened
PJoin opened
PJoin opened
Map size 1000
4623
No more rows in PJoin
Map size 4582
16087
No more rows in PJoin
No more rows in PFilter
No more rows in PProject
958
No more rows in PAggregate
Sorting the list
No more rows in PSort
Closing PSort
Closing PAggregate
Closing PProject
PFilter closed
Closing PJoin
Closing PJoin
10
Test passed :)
===================================
PAggregate
===================================
PAggregate opened
{0}
[]
PProject
GroupBySet [0]
PProject opened
No more rows in PProject
4580
No more rows in PAggregate
Closing PAggregate
Closing PProject
4580
Test passed :)
===================================
PAggregate
===================================
PAggregate opened
{0}
[]
PProject
GroupBySet [0]
PProject opened
No more rows in PProject
4580
No more rows in PAggregate
Closing PAggregate
Closing PProject
4580
Test passed :)
</pre>
</span>
</div>
</div>
<div id="footer">
<p>
<div>
<label class="hidden" id="label-for-line-wrapping-toggle" for="line-wrapping-toggle">Wrap lines
<input id="line-wrapping-toggle" type="checkbox" autocomplete="off"/>
</label>
</div>Generated by 
<a href="http://www.gradle.org">Gradle 4.5</a> at 17 Apr, 2024 6:58:27 PM</p>
</div>
</div>
</body>
</html>
